<?xml version="1.0" encoding="UTF-8"?>
<!-- Generated by org.testng.reporters.JUnitReportReporter -->
<testsuite skipped="0" hostname="Slava-PC" name="com.simpleTests.NewTest" tests="3" failures="0" timestamp="11 сен 2018 05:36:12 GMT" time="14.492" errors="0">
  <testcase name="testPostTitle" time="4.750" classname="com.simpleTests.NewTest"/>
  <testcase name="TestPostContent" time="0.176" classname="com.simpleTests.NewTest"/>
  <testcase name="testSelectMenuItems" time="9.566" classname="com.simpleTests.NewTest"/>
</testsuite> <!-- com.simpleTests.NewTest -->
