<?xml version="1.0" encoding="UTF-8"?>
<!-- Generated by org.testng.reporters.JUnitReportReporter -->
<testsuite skipped="0" hostname="Slava-PC" name="com.Pages.HomePage" tests="2" failures="0" timestamp="10 сен 2018 11:58:07 GMT" time="0.970" errors="0">
  <testcase name="testSelectMenuItems" time="0.767" classname="com.Pages.HomePage"/>
  <testcase name="testPostTitle" time="0.203" classname="com.Pages.HomePage"/>
</testsuite> <!-- com.Pages.HomePage -->
