<?xml version="1.0" encoding="UTF-8"?>
<!-- Generated by org.testng.reporters.JUnitReportReporter -->
<testsuite skipped="0" hostname="Slava-PC" name="com.simpleTests.NewTest" tests="3" failures="0" timestamp="11 ספט 2018 05:39:57 GMT" time="0.933" errors="0">
  <testcase name="testPostTitle" time="0.090" classname="com.simpleTests.NewTest"/>
  <testcase name="TestPostContent" time="0.145" classname="com.simpleTests.NewTest"/>
  <testcase name="testSelectMenuItems" time="0.698" classname="com.simpleTests.NewTest"/>
</testsuite> <!-- com.simpleTests.NewTest -->
